<?xml version="1.0" encoding="UTF-8"?>
<testsuite xmlns:xsi="http://www.w3.org/2001/XMLSchema-instance" xsi:noNamespaceSchemaLocation="https://maven.apache.org/surefire/maven-surefire-plugin/xsd/surefire-test-report-3.0.xsd" version="3.0" name="hellocucumber.RunCucumberTest" time="10.217" tests="1" errors="0" skipped="0" failures="0">
  <properties>
[...]
</properties>
  <testcase name="Validar compra no Sawag labs" classname="Login no site" time="10.03">
    <system-out><![CDATA[
Cenario: Validar compra no Sawag labs             &amp#27;[90m# hellocucumber/example.feature:8&amp#27;[0m
  &amp#27;[32mDado &amp#27;[0m&amp#27;[32mque eu faca o login site&amp#27;[0m                   &amp#27;[90m# hellocucumber.StepDefinitions.que_eu_faca_o_login_site()&amp#27;[0m
  &amp#27;[32mQuando &amp#27;[0m&amp#27;[32madd um produto ao carrinho&amp#27;[0m               &amp#27;[90m# hellocucumber.StepDefinitions.add_um_produto_ao_carrinho()&amp#27;[0m
  &amp#27;[32mEntao &amp#27;[0m&amp#27;[32mclico em checkout para finalizar a compra&amp#27;[0m &amp#27;[90m# hellocucumber.StepDefinitions.clico_em_checkout_para_finalizar_a_compra()&amp#27;[0m
]]></system-out>
    <system-err><![CDATA[SLF4J: Failed to load class "org.slf4j.impl.StaticLoggerBinder".
SLF4J: Defaulting to no-operation (NOP) logger implementation
SLF4J: See http://www.slf4j.org/codes.html#StaticLoggerBinder for further details.
]]></system-err>
  </testcase>
</testsuite>